This file contains any messages produced by compilers while
running configure, to aid debugging if configure makes a mistake.

It was created by chipvpn configure 0.1, which was
generated by GNU Autoconf 2.69.  Invocation command line was

  $ ./configure 

## --------- ##
## Platform. ##
## --------- ##

hostname = coldchip
uname -m = x86_64
uname -r = 5.4.0-91-generic
uname -s = Linux
uname -v = #102-Ubuntu SMP Fri Nov 5 16:31:28 UTC 2021

/usr/bin/uname -p = unknown
/bin/uname -X     = unknown

/bin/arch              = unknown
/usr/bin/arch -k       = unknown
/usr/convex/getsysinfo = unknown
/usr/bin/hostinfo      = unknown
/bin/machine           = unknown
/usr/bin/oslevel       = unknown
/bin/universe          = unknown

PATH: /home/ryan/.nvm/versions/node/v14.10.0/bin
PATH: /usr/local/cuda-10.1/bin
PATH: /home/ryan/.local/bin
PATH: /usr/local/sbin
PATH: /usr/local/bin
PATH: /usr/sbin
PATH: /usr/bin
PATH: /sbin
PATH: /bin
PATH: /usr/games
PATH: /usr/local/games
PATH: /snap/bin


## ----------- ##
## Core tests. ##
## ----------- ##

configure:2163: checking for gcc
configure:2179: found /usr/bin/gcc
configure:2190: result: gcc
configure:2419: checking for C compiler version
configure:2428: gcc --version >&5
gcc (Ubuntu 9.3.0-17ubuntu1~20.04) 9.3.0
Copyright (C) 2019 Free Software Foundation, Inc.
This is free software; see the source for copying conditions.  There is NO
warranty; not even for MERCHANTABILITY or FITNESS FOR A PARTICULAR PURPOSE.

configure:2439: $? = 0
configure:2428: gcc -v >&5
Using built-in specs.
COLLECT_GCC=gcc
COLLECT_LTO_WRAPPER=/usr/lib/gcc/x86_64-linux-gnu/9/lto-wrapper
OFFLOAD_TARGET_NAMES=nvptx-none:hsa
OFFLOAD_TARGET_DEFAULT=1
Target: x86_64-linux-gnu
Configured with: ../src/configure -v --with-pkgversion='Ubuntu 9.3.0-17ubuntu1~20.04' --with-bugurl=file:///usr/share/doc/gcc-9/README.Bugs --enable-languages=c,ada,c++,go,brig,d,fortran,objc,obj-c++,gm2 --prefix=/usr --with-gcc-major-version-only --program-suffix=-9 --program-prefix=x86_64-linux-gnu- --enable-shared --enable-linker-build-id --libexecdir=/usr/lib --without-included-gettext --enable-threads=posix --libdir=/usr/lib --enable-nls --enable-clocale=gnu --enable-libstdcxx-debug --enable-libstdcxx-time=yes --with-default-libstdcxx-abi=new --enable-gnu-unique-object --disable-vtable-verify --enable-plugin --enable-default-pie --with-system-zlib --with-target-system-zlib=auto --enable-objc-gc=auto --enable-multiarch --disable-werror --with-arch-32=i686 --with-abi=m64 --with-multilib-list=m32,m64,mx32 --enable-multilib --with-tune=generic --enable-offload-targets=nvptx-none=/build/gcc-9-HskZEa/gcc-9-9.3.0/debian/tmp-nvptx/usr,hsa --without-cuda-driver --enable-checking=release --build=x86_64-linux-gnu --host=x86_64-linux-gnu --target=x86_64-linux-gnu
Thread model: posix
gcc version 9.3.0 (Ubuntu 9.3.0-17ubuntu1~20.04) 
configure:2439: $? = 0
configure:2428: gcc -V >&5
gcc: error: unrecognized command line option '-V'
gcc: fatal error: no input files
compilation terminated.
configure:2439: $? = 1
configure:2428: gcc -qversion >&5
gcc: error: unrecognized command line option '-qversion'; did you mean '--version'?
gcc: fatal error: no input files
compilation terminated.
configure:2439: $? = 1
configure:2459: checking whether the C compiler works
configure:2481: gcc    conftest.c  >&5
configure:2485: $? = 0
configure:2533: result: yes
configure:2536: checking for C compiler default output file name
configure:2538: result: a.out
configure:2544: checking for suffix of executables
configure:2551: gcc -o conftest    conftest.c  >&5
configure:2555: $? = 0
configure:2577: result: 
configure:2599: checking whether we are cross compiling
configure:2607: gcc -o conftest    conftest.c  >&5
configure:2611: $? = 0
configure:2618: ./conftest
configure:2622: $? = 0
configure:2610: result: no
configure:2615: checking for suffix of object files
configure:2637: gcc -c   conftest.c >&5
configure:2641: $? = 0
configure:2662: result: o
configure:2666: checking whether we are using the GNU C compiler
configure:2685: gcc -c   conftest.c >&5
configure:2685: $? = 0
configure:2694: result: yes
configure:2703: checking whether gcc accepts -g
configure:2723: gcc -c -g  conftest.c >&5
configure:2723: $? = 0
configure:2764: result: yes
configure:2781: checking for gcc option to accept ISO C89
configure:2844: gcc  -c -g -O2  conftest.c >&5
configure:2844: $? = 0
configure:2857: result: none needed
configure:2882: checking whether gcc understands -c and -o together
configure:2904: gcc -c conftest.c -o conftest2.o
configure:2907: $? = 0
configure:2904: gcc -c conftest.c -o conftest2.o
configure:2907: $? = 0
configure:2919: result: yes
configure:2942: checking how to run the C preprocessor
configure:2973: gcc -E  conftest.c
configure:2973: $? = 0
configure:2987: gcc -E  conftest.c
conftest.c:9:10: fatal error: ac_nonexistent.h: No such file or directory
    9 | #include <ac_nonexistent.h>
      |          ^~~~~~~~~~~~~~~~~~
compilation terminated.
configure:2987: $? = 1
configure: failed program was:
| /* confdefs.h */
| #define PACKAGE_NAME "chipvpn"
| #define PACKAGE_TARNAME "chipvpn"
| #define PACKAGE_VERSION "0.1"
| #define PACKAGE_STRING "chipvpn 0.1"
| #define PACKAGE_BUGREPORT "maintainer@example.com"
| #define PACKAGE_URL ""
| /* end confdefs.h.  */
| #include <ac_nonexistent.h>
configure:3012: result: gcc -E
configure:3032: gcc -E  conftest.c
configure:3032: $? = 0
configure:3046: gcc -E  conftest.c
conftest.c:9:10: fatal error: ac_nonexistent.h: No such file or directory
    9 | #include <ac_nonexistent.h>
      |          ^~~~~~~~~~~~~~~~~~
compilation terminated.
configure:3046: $? = 1
configure: failed program was:
| /* confdefs.h */
| #define PACKAGE_NAME "chipvpn"
| #define PACKAGE_TARNAME "chipvpn"
| #define PACKAGE_VERSION "0.1"
| #define PACKAGE_STRING "chipvpn 0.1"
| #define PACKAGE_BUGREPORT "maintainer@example.com"
| #define PACKAGE_URL ""
| /* end confdefs.h.  */
| #include <ac_nonexistent.h>
configure:3075: checking for grep that handles long lines and -e
configure:3133: result: /bin/grep
configure:3138: checking for egrep
configure:3200: result: /bin/grep -E
configure:3205: checking for ANSI C header files
configure:3225: gcc -c -g -O2  conftest.c >&5
configure:3225: $? = 0
configure:3298: gcc -o conftest -g -O2   conftest.c  >&5
configure:3298: $? = 0
configure:3298: ./conftest
configure:3298: $? = 0
configure:3309: result: yes
configure:3322: checking for sys/types.h
configure:3322: gcc -c -g -O2  conftest.c >&5
configure:3322: $? = 0
configure:3322: result: yes
configure:3322: checking for sys/stat.h
configure:3322: gcc -c -g -O2  conftest.c >&5
configure:3322: $? = 0
configure:3322: result: yes
configure:3322: checking for stdlib.h
configure:3322: gcc -c -g -O2  conftest.c >&5
configure:3322: $? = 0
configure:3322: result: yes
configure:3322: checking for string.h
configure:3322: gcc -c -g -O2  conftest.c >&5
configure:3322: $? = 0
configure:3322: result: yes
configure:3322: checking for memory.h
configure:3322: gcc -c -g -O2  conftest.c >&5
configure:3322: $? = 0
configure:3322: result: yes
configure:3322: checking for strings.h
configure:3322: gcc -c -g -O2  conftest.c >&5
configure:3322: $? = 0
configure:3322: result: yes
configure:3322: checking for inttypes.h
configure:3322: gcc -c -g -O2  conftest.c >&5
configure:3322: $? = 0
configure:3322: result: yes
configure:3322: checking for stdint.h
configure:3322: gcc -c -g -O2  conftest.c >&5
configure:3322: $? = 0
configure:3322: result: yes
configure:3322: checking for unistd.h
configure:3322: gcc -c -g -O2  conftest.c >&5
configure:3322: $? = 0
configure:3322: result: yes
configure:3336: checking pthread.h usability
configure:3336: gcc -c -g -O2  conftest.c >&5
configure:3336: $? = 0
configure:3336: result: yes
configure:3336: checking pthread.h presence
configure:3336: gcc -E  conftest.c
configure:3336: $? = 0
configure:3336: result: yes
configure:3336: checking for pthread.h
configure:3336: result: yes
configure:3346: checking for library containing pthread
configure:3377: gcc -o conftest -g -O2   conftest.c  >&5
/usr/bin/ld: /tmp/ccAJ5mFB.o: in function `main':
/home/ryan/chipvpn/conftest.c:31: undefined reference to `pthread'
collect2: error: ld returned 1 exit status
configure:3377: $? = 1
configure: failed program was:
| /* confdefs.h */
| #define PACKAGE_NAME "chipvpn"
| #define PACKAGE_TARNAME "chipvpn"
| #define PACKAGE_VERSION "0.1"
| #define PACKAGE_STRING "chipvpn 0.1"
| #define PACKAGE_BUGREPORT "maintainer@example.com"
| #define PACKAGE_URL ""
| #define STDC_HEADERS 1
| #define HAVE_SYS_TYPES_H 1
| #define HAVE_SYS_STAT_H 1
| #define HAVE_STDLIB_H 1
| #define HAVE_STRING_H 1
| #define HAVE_MEMORY_H 1
| #define HAVE_STRINGS_H 1
| #define HAVE_INTTYPES_H 1
| #define HAVE_STDINT_H 1
| #define HAVE_UNISTD_H 1
| #define HAVE_PTHREAD_H 1
| /* end confdefs.h.  */
| 
| /* Override any GCC internal prototype to avoid an error.
|    Use char because int might match the return type of a GCC
|    builtin and then its argument prototype would still apply.  */
| #ifdef __cplusplus
| extern "C"
| #endif
| char pthread ();
| int
| main ()
| {
| return pthread ();
|   ;
|   return 0;
| }
configure:3377: gcc -o conftest -g -O2   conftest.c -lpthread   >&5
/usr/bin/ld: /tmp/ccHqoqNE.o: in function `main':
/home/ryan/chipvpn/conftest.c:31: undefined reference to `pthread'
collect2: error: ld returned 1 exit status
configure:3377: $? = 1
configure: failed program was:
| /* confdefs.h */
| #define PACKAGE_NAME "chipvpn"
| #define PACKAGE_TARNAME "chipvpn"
| #define PACKAGE_VERSION "0.1"
| #define PACKAGE_STRING "chipvpn 0.1"
| #define PACKAGE_BUGREPORT "maintainer@example.com"
| #define PACKAGE_URL ""
| #define STDC_HEADERS 1
| #define HAVE_SYS_TYPES_H 1
| #define HAVE_SYS_STAT_H 1
| #define HAVE_STDLIB_H 1
| #define HAVE_STRING_H 1
| #define HAVE_MEMORY_H 1
| #define HAVE_STRINGS_H 1
| #define HAVE_INTTYPES_H 1
| #define HAVE_STDINT_H 1
| #define HAVE_UNISTD_H 1
| #define HAVE_PTHREAD_H 1
| /* end confdefs.h.  */
| 
| /* Override any GCC internal prototype to avoid an error.
|    Use char because int might match the return type of a GCC
|    builtin and then its argument prototype would still apply.  */
| #ifdef __cplusplus
| extern "C"
| #endif
| char pthread ();
| int
| main ()
| {
| return pthread ();
|   ;
|   return 0;
| }
configure:3394: result: no
configure:3404: checking openssl/evp.h usability
configure:3404: gcc -c -g -O2  conftest.c >&5
configure:3404: $? = 0
configure:3404: result: yes
configure:3404: checking openssl/evp.h presence
configure:3404: gcc -E  conftest.c
configure:3404: $? = 0
configure:3404: result: yes
configure:3404: checking for openssl/evp.h
configure:3404: result: yes
configure:3416: checking openssl/aes.h usability
configure:3416: gcc -c -g -O2  conftest.c >&5
configure:3416: $? = 0
configure:3416: result: yes
configure:3416: checking openssl/aes.h presence
configure:3416: gcc -E  conftest.c
configure:3416: $? = 0
configure:3416: result: yes
configure:3416: checking for openssl/aes.h
configure:3416: result: yes
configure:3426: checking for library containing crypto
configure:3457: gcc -o conftest -g -O2   conftest.c  >&5
/usr/bin/ld: /tmp/cczIr6AJ.o: in function `main':
/home/ryan/chipvpn/conftest.c:33: undefined reference to `crypto'
collect2: error: ld returned 1 exit status
configure:3457: $? = 1
configure: failed program was:
| /* confdefs.h */
| #define PACKAGE_NAME "chipvpn"
| #define PACKAGE_TARNAME "chipvpn"
| #define PACKAGE_VERSION "0.1"
| #define PACKAGE_STRING "chipvpn 0.1"
| #define PACKAGE_BUGREPORT "maintainer@example.com"
| #define PACKAGE_URL ""
| #define STDC_HEADERS 1
| #define HAVE_SYS_TYPES_H 1
| #define HAVE_SYS_STAT_H 1
| #define HAVE_STDLIB_H 1
| #define HAVE_STRING_H 1
| #define HAVE_MEMORY_H 1
| #define HAVE_STRINGS_H 1
| #define HAVE_INTTYPES_H 1
| #define HAVE_STDINT_H 1
| #define HAVE_UNISTD_H 1
| #define HAVE_PTHREAD_H 1
| #define HAVE_OPENSSL_EVP_H 1
| #define HAVE_OPENSSL_AES_H 1
| /* end confdefs.h.  */
| 
| /* Override any GCC internal prototype to avoid an error.
|    Use char because int might match the return type of a GCC
|    builtin and then its argument prototype would still apply.  */
| #ifdef __cplusplus
| extern "C"
| #endif
| char crypto ();
| int
| main ()
| {
| return crypto ();
|   ;
|   return 0;
| }
configure:3457: gcc -o conftest -g -O2   conftest.c -lcrypto   >&5
/usr/bin/ld: /tmp/ccbMgPQL.o: in function `main':
/home/ryan/chipvpn/conftest.c:33: undefined reference to `crypto'
collect2: error: ld returned 1 exit status
configure:3457: $? = 1
configure: failed program was:
| /* confdefs.h */
| #define PACKAGE_NAME "chipvpn"
| #define PACKAGE_TARNAME "chipvpn"
| #define PACKAGE_VERSION "0.1"
| #define PACKAGE_STRING "chipvpn 0.1"
| #define PACKAGE_BUGREPORT "maintainer@example.com"
| #define PACKAGE_URL ""
| #define STDC_HEADERS 1
| #define HAVE_SYS_TYPES_H 1
| #define HAVE_SYS_STAT_H 1
| #define HAVE_STDLIB_H 1
| #define HAVE_STRING_H 1
| #define HAVE_MEMORY_H 1
| #define HAVE_STRINGS_H 1
| #define HAVE_INTTYPES_H 1
| #define HAVE_STDINT_H 1
| #define HAVE_UNISTD_H 1
| #define HAVE_PTHREAD_H 1
| #define HAVE_OPENSSL_EVP_H 1
| #define HAVE_OPENSSL_AES_H 1
| /* end confdefs.h.  */
| 
| /* Override any GCC internal prototype to avoid an error.
|    Use char because int might match the return type of a GCC
|    builtin and then its argument prototype would still apply.  */
| #ifdef __cplusplus
| extern "C"
| #endif
| char crypto ();
| int
| main ()
| {
| return crypto ();
|   ;
|   return 0;
| }
configure:3474: result: no
configure:3482: checking for library containing ssl
configure:3513: gcc -o conftest -g -O2   conftest.c  >&5
/usr/bin/ld: /tmp/ccPxxAK3.o: in function `main':
/home/ryan/chipvpn/conftest.c:33: undefined reference to `ssl'
collect2: error: ld returned 1 exit status
configure:3513: $? = 1
configure: failed program was:
| /* confdefs.h */
| #define PACKAGE_NAME "chipvpn"
| #define PACKAGE_TARNAME "chipvpn"
| #define PACKAGE_VERSION "0.1"
| #define PACKAGE_STRING "chipvpn 0.1"
| #define PACKAGE_BUGREPORT "maintainer@example.com"
| #define PACKAGE_URL ""
| #define STDC_HEADERS 1
| #define HAVE_SYS_TYPES_H 1
| #define HAVE_SYS_STAT_H 1
| #define HAVE_STDLIB_H 1
| #define HAVE_STRING_H 1
| #define HAVE_MEMORY_H 1
| #define HAVE_STRINGS_H 1
| #define HAVE_INTTYPES_H 1
| #define HAVE_STDINT_H 1
| #define HAVE_UNISTD_H 1
| #define HAVE_PTHREAD_H 1
| #define HAVE_OPENSSL_EVP_H 1
| #define HAVE_OPENSSL_AES_H 1
| /* end confdefs.h.  */
| 
| /* Override any GCC internal prototype to avoid an error.
|    Use char because int might match the return type of a GCC
|    builtin and then its argument prototype would still apply.  */
| #ifdef __cplusplus
| extern "C"
| #endif
| char ssl ();
| int
| main ()
| {
| return ssl ();
|   ;
|   return 0;
| }
configure:3513: gcc -o conftest -g -O2   conftest.c -lssl   >&5
/usr/bin/ld: /tmp/cc9wyoX2.o: in function `main':
/home/ryan/chipvpn/conftest.c:33: undefined reference to `ssl'
collect2: error: ld returned 1 exit status
configure:3513: $? = 1
configure: failed program was:
| /* confdefs.h */
| #define PACKAGE_NAME "chipvpn"
| #define PACKAGE_TARNAME "chipvpn"
| #define PACKAGE_VERSION "0.1"
| #define PACKAGE_STRING "chipvpn 0.1"
| #define PACKAGE_BUGREPORT "maintainer@example.com"
| #define PACKAGE_URL ""
| #define STDC_HEADERS 1
| #define HAVE_SYS_TYPES_H 1
| #define HAVE_SYS_STAT_H 1
| #define HAVE_STDLIB_H 1
| #define HAVE_STRING_H 1
| #define HAVE_MEMORY_H 1
| #define HAVE_STRINGS_H 1
| #define HAVE_INTTYPES_H 1
| #define HAVE_STDINT_H 1
| #define HAVE_UNISTD_H 1
| #define HAVE_PTHREAD_H 1
| #define HAVE_OPENSSL_EVP_H 1
| #define HAVE_OPENSSL_AES_H 1
| /* end confdefs.h.  */
| 
| /* Override any GCC internal prototype to avoid an error.
|    Use char because int might match the return type of a GCC
|    builtin and then its argument prototype would still apply.  */
| #ifdef __cplusplus
| extern "C"
| #endif
| char ssl ();
| int
| main ()
| {
| return ssl ();
|   ;
|   return 0;
| }
configure:3530: result: no
configure:3554: checking for a BSD-compatible install
configure:3622: result: /usr/bin/install -c
configure:3633: checking whether build environment is sane
configure:3688: result: yes
configure:3834: checking for a thread-safe mkdir -p
configure:3873: result: /bin/mkdir -p
configure:3880: checking for gawk
configure:3896: found /usr/bin/gawk
configure:3907: result: gawk
configure:3918: checking whether make sets $(MAKE)
configure:3940: result: yes
configure:3962: checking whether make supports the include directive
configure:3977: make -f confmf.GNU && cat confinc.out
this is the am__doit target
configure:3980: $? = 0
configure:3999: result: yes (GNU style)
configure:4032: checking whether make supports nested variables
configure:4049: result: yes
configure:4134: checking dependency style of gcc
configure:4245: result: gcc3
configure:4351: checking for gcc
configure:4378: result: gcc
configure:4607: checking for C compiler version
configure:4616: gcc --version >&5
gcc (Ubuntu 9.3.0-17ubuntu1~20.04) 9.3.0
Copyright (C) 2019 Free Software Foundation, Inc.
This is free software; see the source for copying conditions.  There is NO
warranty; not even for MERCHANTABILITY or FITNESS FOR A PARTICULAR PURPOSE.

configure:4627: $? = 0
configure:4616: gcc -v >&5
Using built-in specs.
COLLECT_GCC=gcc
COLLECT_LTO_WRAPPER=/usr/lib/gcc/x86_64-linux-gnu/9/lto-wrapper
OFFLOAD_TARGET_NAMES=nvptx-none:hsa
OFFLOAD_TARGET_DEFAULT=1
Target: x86_64-linux-gnu
Configured with: ../src/configure -v --with-pkgversion='Ubuntu 9.3.0-17ubuntu1~20.04' --with-bugurl=file:///usr/share/doc/gcc-9/README.Bugs --enable-languages=c,ada,c++,go,brig,d,fortran,objc,obj-c++,gm2 --prefix=/usr --with-gcc-major-version-only --program-suffix=-9 --program-prefix=x86_64-linux-gnu- --enable-shared --enable-linker-build-id --libexecdir=/usr/lib --without-included-gettext --enable-threads=posix --libdir=/usr/lib --enable-nls --enable-clocale=gnu --enable-libstdcxx-debug --enable-libstdcxx-time=yes --with-default-libstdcxx-abi=new --enable-gnu-unique-object --disable-vtable-verify --enable-plugin --enable-default-pie --with-system-zlib --with-target-system-zlib=auto --enable-objc-gc=auto --enable-multiarch --disable-werror --with-arch-32=i686 --with-abi=m64 --with-multilib-list=m32,m64,mx32 --enable-multilib --with-tune=generic --enable-offload-targets=nvptx-none=/build/gcc-9-HskZEa/gcc-9-9.3.0/debian/tmp-nvptx/usr,hsa --without-cuda-driver --enable-checking=release --build=x86_64-linux-gnu --host=x86_64-linux-gnu --target=x86_64-linux-gnu
Thread model: posix
gcc version 9.3.0 (Ubuntu 9.3.0-17ubuntu1~20.04) 
configure:4627: $? = 0
configure:4616: gcc -V >&5
gcc: error: unrecognized command line option '-V'
gcc: fatal error: no input files
compilation terminated.
configure:4627: $? = 1
configure:4616: gcc -qversion >&5
gcc: error: unrecognized command line option '-qversion'; did you mean '--version'?
gcc: fatal error: no input files
compilation terminated.
configure:4627: $? = 1
configure:4631: checking whether we are using the GNU C compiler
configure:4659: result: yes
configure:4668: checking whether gcc accepts -g
configure:4729: result: yes
configure:4746: checking for gcc option to accept ISO C89
configure:4822: result: none needed
configure:4847: checking whether gcc understands -c and -o together
configure:4884: result: yes
configure:5040: checking that generated files are newer than configure
configure:5046: result: done
configure:5069: creating ./config.status

## ---------------------- ##
## Running config.status. ##
## ---------------------- ##

This file was extended by chipvpn config.status 0.1, which was
generated by GNU Autoconf 2.69.  Invocation command line was

  CONFIG_FILES    = 
  CONFIG_HEADERS  = 
  CONFIG_LINKS    = 
  CONFIG_COMMANDS = 
  $ ./config.status 

on coldchip

config.status:774: creating Makefile
config.status:946: executing depfiles commands
config.status:1023: cd .       && sed -e '/# am--include-marker/d' Makefile         | make -f - am--depfiles
make: Nothing to be done for 'am--depfiles'.
config.status:1028: $? = 0

## ---------------- ##
## Cache variables. ##
## ---------------- ##

ac_cv_c_compiler_gnu=yes
ac_cv_env_CC_set=
ac_cv_env_CC_value=
ac_cv_env_CFLAGS_set=
ac_cv_env_CFLAGS_value=
ac_cv_env_CPPFLAGS_set=
ac_cv_env_CPPFLAGS_value=
ac_cv_env_CPP_set=
ac_cv_env_CPP_value=
ac_cv_env_LDFLAGS_set=
ac_cv_env_LDFLAGS_value=
ac_cv_env_LIBS_set=
ac_cv_env_LIBS_value=
ac_cv_env_build_alias_set=
ac_cv_env_build_alias_value=
ac_cv_env_host_alias_set=
ac_cv_env_host_alias_value=
ac_cv_env_target_alias_set=
ac_cv_env_target_alias_value=
ac_cv_header_inttypes_h=yes
ac_cv_header_memory_h=yes
ac_cv_header_openssl_aes_h=yes
ac_cv_header_openssl_evp_h=yes
ac_cv_header_pthread_h=yes
ac_cv_header_stdc=yes
ac_cv_header_stdint_h=yes
ac_cv_header_stdlib_h=yes
ac_cv_header_string_h=yes
ac_cv_header_strings_h=yes
ac_cv_header_sys_stat_h=yes
ac_cv_header_sys_types_h=yes
ac_cv_header_unistd_h=yes
ac_cv_objext=o
ac_cv_path_EGREP='/bin/grep -E'
ac_cv_path_GREP=/bin/grep
ac_cv_path_install='/usr/bin/install -c'
ac_cv_path_mkdir=/bin/mkdir
ac_cv_prog_AWK=gawk
ac_cv_prog_CPP='gcc -E'
ac_cv_prog_ac_ct_CC=gcc
ac_cv_prog_cc_c89=
ac_cv_prog_cc_g=yes
ac_cv_prog_make_make_set=yes
ac_cv_search_crypto=no
ac_cv_search_pthread=no
ac_cv_search_ssl=no
am_cv_CC_dependencies_compiler_type=gcc3
am_cv_make_support_nested_variables=yes
am_cv_prog_cc_c_o=yes

## ----------------- ##
## Output variables. ##
## ----------------- ##

ACLOCAL='${SHELL} /home/ryan/chipvpn/build-aux/missing aclocal-1.16'
AMDEPBACKSLASH='\'
AMDEP_FALSE='#'
AMDEP_TRUE=''
AMTAR='$${TAR-tar}'
AM_BACKSLASH='\'
AM_DEFAULT_V='$(AM_DEFAULT_VERBOSITY)'
AM_DEFAULT_VERBOSITY='1'
AM_V='$(V)'
AUTOCONF='${SHELL} /home/ryan/chipvpn/build-aux/missing autoconf'
AUTOHEADER='${SHELL} /home/ryan/chipvpn/build-aux/missing autoheader'
AUTOMAKE='${SHELL} /home/ryan/chipvpn/build-aux/missing automake-1.16'
AWK='gawk'
CC='gcc'
CCDEPMODE='depmode=gcc3'
CFLAGS='-g -O2'
CPP='gcc -E'
CPPFLAGS=''
CYGPATH_W='echo'
DEFS='-DPACKAGE_NAME=\"chipvpn\" -DPACKAGE_TARNAME=\"chipvpn\" -DPACKAGE_VERSION=\"0.1\" -DPACKAGE_STRING=\"chipvpn\ 0.1\" -DPACKAGE_BUGREPORT=\"maintainer@example.com\" -DPACKAGE_URL=\"\" -DSTDC_HEADERS=1 -DHAVE_SYS_TYPES_H=1 -DHAVE_SYS_STAT_H=1 -DHAVE_STDLIB_H=1 -DHAVE_STRING_H=1 -DHAVE_MEMORY_H=1 -DHAVE_STRINGS_H=1 -DHAVE_INTTYPES_H=1 -DHAVE_STDINT_H=1 -DHAVE_UNISTD_H=1 -DHAVE_PTHREAD_H=1 -DHAVE_OPENSSL_EVP_H=1 -DHAVE_OPENSSL_AES_H=1 -DPACKAGE=\"chipvpn\" -DVERSION=\"0.1\"'
DEPDIR='.deps'
ECHO_C=''
ECHO_N='-n'
ECHO_T=''
EGREP='/bin/grep -E'
EXEEXT=''
GREP='/bin/grep'
INSTALL_DATA='${INSTALL} -m 644'
INSTALL_PROGRAM='${INSTALL}'
INSTALL_SCRIPT='${INSTALL}'
INSTALL_STRIP_PROGRAM='$(install_sh) -c -s'
LDFLAGS=''
LIBOBJS=''
LIBS=''
LTLIBOBJS=''
MAKEINFO='${SHELL} /home/ryan/chipvpn/build-aux/missing makeinfo'
MKDIR_P='/bin/mkdir -p'
OBJEXT='o'
PACKAGE='chipvpn'
PACKAGE_BUGREPORT='maintainer@example.com'
PACKAGE_NAME='chipvpn'
PACKAGE_STRING='chipvpn 0.1'
PACKAGE_TARNAME='chipvpn'
PACKAGE_URL=''
PACKAGE_VERSION='0.1'
PATH_SEPARATOR=':'
SET_MAKE=''
SHELL='/bin/bash'
STRIP=''
VERSION='0.1'
ac_ct_CC='gcc'
am__EXEEXT_FALSE=''
am__EXEEXT_TRUE='#'
am__fastdepCC_FALSE='#'
am__fastdepCC_TRUE=''
am__include='include'
am__isrc=''
am__leading_dot='.'
am__nodep='_no'
am__quote=''
am__tar='$${TAR-tar} chof - "$$tardir"'
am__untar='$${TAR-tar} xf -'
bindir='${exec_prefix}/bin'
build_alias=''
datadir='${datarootdir}'
datarootdir='${prefix}/share'
docdir='${datarootdir}/doc/${PACKAGE_TARNAME}'
dvidir='${docdir}'
exec_prefix='${prefix}'
host_alias=''
htmldir='${docdir}'
includedir='${prefix}/include'
infodir='${datarootdir}/info'
install_sh='${SHELL} /home/ryan/chipvpn/build-aux/install-sh'
libdir='${exec_prefix}/lib'
libexecdir='${exec_prefix}/libexec'
localedir='${datarootdir}/locale'
localstatedir='${prefix}/var'
mandir='${datarootdir}/man'
mkdir_p='$(MKDIR_P)'
oldincludedir='/usr/include'
pdfdir='${docdir}'
prefix='/usr/local'
program_transform_name='s,x,x,'
psdir='${docdir}'
runstatedir='${localstatedir}/run'
sbindir='${exec_prefix}/sbin'
sharedstatedir='${prefix}/com'
sysconfdir='${prefix}/etc'
target_alias=''

## ----------- ##
## confdefs.h. ##
## ----------- ##

/* confdefs.h */
#define PACKAGE_NAME "chipvpn"
#define PACKAGE_TARNAME "chipvpn"
#define PACKAGE_VERSION "0.1"
#define PACKAGE_STRING "chipvpn 0.1"
#define PACKAGE_BUGREPORT "maintainer@example.com"
#define PACKAGE_URL ""
#define STDC_HEADERS 1
#define HAVE_SYS_TYPES_H 1
#define HAVE_SYS_STAT_H 1
#define HAVE_STDLIB_H 1
#define HAVE_STRING_H 1
#define HAVE_MEMORY_H 1
#define HAVE_STRINGS_H 1
#define HAVE_INTTYPES_H 1
#define HAVE_STDINT_H 1
#define HAVE_UNISTD_H 1
#define HAVE_PTHREAD_H 1
#define HAVE_OPENSSL_EVP_H 1
#define HAVE_OPENSSL_AES_H 1
#define PACKAGE "chipvpn"
#define VERSION "0.1"

configure: exit 0
